<?xml version="1.0" encoding="UTF-8" ?>
<testsuites>
  <testsuite errors="0" failures="0" hostname="C114868-XPC" id="0" name="InitializeTaskTest" package="com.thomsonreuters.uscl.ereader" tests="1" time="0.204" timestamp="2011-12-23T20:16:17">
      <properties>
[...]
</properties>

      <testcase classname="com.thomsonreuters.uscl.ereader.InitializeTaskTest" name="testExecuteStep" time="0.172" />

      <system-out><![CDATA[12/23 14:16:17.343 DEBUG InitializeTask.executeStep: workDirectory: C:\DOCUME~1\c114868\LOCALS~1\Temp\20111223\JunitTestTitleId\1324671377062
C:\DOCUME~1\c114868\LOCALS~1\Temp\20111223
]]></system-out>

      <system-err><![CDATA[]]></system-err>

  </testsuite>
  <testsuite errors="0" failures="0" hostname="C114868-XPC" id="1" name="EbookAssemblyServiceTest" package="com.thomsonreuters.uscl.ereader.assemble.service" tests="5" time="0.125" timestamp="2011-12-23T20:16:17">
      <properties>
[...]
</properties>

      <testcase classname="com.thomsonreuters.uscl.ereader.assemble.service.EbookAssemblyServiceTest" name="testAssembleHappyPath" time="0.078" />

      <testcase classname="com.thomsonreuters.uscl.ereader.assemble.service.EbookAssemblyServiceTest" name="testAssembleFailsDueToNullDirectory" time="0.0" />

      <testcase classname="com.thomsonreuters.uscl.ereader.assemble.service.EbookAssemblyServiceTest" name="testAssembleFailsDueToFilePassedAsInputDirectory" time="0.016" />

      <testcase classname="com.thomsonreuters.uscl.ereader.assemble.service.EbookAssemblyServiceTest" name="testAssembleFailsDueToNullOutputFile" time="0.0" />

      <testcase classname="com.thomsonreuters.uscl.ereader.assemble.service.EbookAssemblyServiceTest" name="testAssembleFailsDueToDirectoryPassedAsOutputFile" time="0.015" />

      <system-out><![CDATA[]]></system-out>

      <system-err><![CDATA[]]></system-err>

  </testsuite>
  <testsuite errors="0" failures="0" hostname="C114868-XPC" id="2" name="ProviewExceptionTest" package="com.thomsonreuters.uscl.ereader.deliver.exception" tests="2" time="0.016" timestamp="2011-12-23T20:16:17">
      <properties>
[...]
</properties>

      <testcase classname="com.thomsonreuters.uscl.ereader.deliver.exception.ProviewExceptionTest" name="testProviewExceptionHappyPath" time="0.0" />

      <testcase classname="com.thomsonreuters.uscl.ereader.deliver.exception.ProviewExceptionTest" name="testProviewExceptionObjectEquality" time="0.0" />

      <system-out><![CDATA[]]></system-out>

      <system-err><![CDATA[]]></system-err>

  </testsuite>
  <testsuite errors="0" failures="0" hostname="C114868-XPC" id="3" name="ProviewClientImplTest" package="com.thomsonreuters.uscl.ereader.deliver.service" tests="1" time="0.047" timestamp="2011-12-23T20:16:17">
      <properties>
[...]
</properties>

      <testcase classname="com.thomsonreuters.uscl.ereader.deliver.service.ProviewClientImplTest" name="testGetAllTitlesHappyPath" time="0.047" />

      <system-out><![CDATA[]]></system-out>

      <system-err><![CDATA[]]></system-err>

  </testsuite>
  <testsuite errors="0" failures="0" hostname="C114868-XPC" id="4" name="XSLTMapperServiceTest" package="com.thomsonreuters.uscl.ereader.format.service" tests="2" time="0.031" timestamp="2011-12-23T20:16:17">
      <properties>
[...]
</properties>

      <testcase classname="com.thomsonreuters.uscl.ereader.format.service.XSLTMapperServiceTest" name="testGetXsltWorksAsExpected" time="0.0" />

      <testcase classname="com.thomsonreuters.uscl.ereader.format.service.XSLTMapperServiceTest" name="testNoNPEThrownWhenDaoIsNotSet" time="0.0" />

      <system-out><![CDATA[]]></system-out>

      <system-err><![CDATA[]]></system-err>

  </testsuite>
  <testsuite errors="0" failures="0" hostname="C114868-XPC" id="5" name="JobQueueManagerTest" package="com.thomsonreuters.uscl.ereader.orchestrate.engine.queue" tests="2" time="0.078" timestamp="2011-12-23T20:16:17">
      <properties>
[...]
</properties>

      <testcase classname="com.thomsonreuters.uscl.ereader.orchestrate.engine.queue.JobQueueManagerTest" name="testGetHighPriorityJobRunRequest" time="0.078" />

      <testcase classname="com.thomsonreuters.uscl.ereader.orchestrate.engine.queue.JobQueueManagerTest" name="testGetNormalPriorityJobRunRequest" time="0.0" />

      <system-out><![CDATA[]]></system-out>

      <system-err><![CDATA[]]></system-err>

  </testsuite>
  <testsuite errors="0" failures="0" hostname="C114868-XPC" id="6" name="JobRunQueuePollerTest" package="com.thomsonreuters.uscl.ereader.orchestrate.engine.queue" tests="4" time="0.125" timestamp="2011-12-23T20:16:17">
      <properties>
[...]
</properties>

      <testcase classname="com.thomsonreuters.uscl.ereader.orchestrate.engine.queue.JobRunQueuePollerTest" name="testJobRunQueueThrottled" time="0.015" />

      <testcase classname="com.thomsonreuters.uscl.ereader.orchestrate.engine.queue.JobRunQueuePollerTest" name="testJobRunQueuePollerHighPriority" time="0.0" />

      <testcase classname="com.thomsonreuters.uscl.ereader.orchestrate.engine.queue.JobRunQueuePollerTest" name="testJobRunQueuePollerNormalPriority" time="0.016" />

      <testcase classname="com.thomsonreuters.uscl.ereader.orchestrate.engine.queue.JobRunQueuePollerTest" name="testJobRunQueuePollerException" time="0.094" />

      <system-out><![CDATA[]]></system-out>

      <system-err><![CDATA[java.lang.Exception: Bogus JUnit test exception getting com.thomsonreuters.uscl.ereader.orchestrate.core.JobRunRequest from high priority queue
	at org.easymock.internal.MockInvocationHandler.invoke(MockInvocationHandler.java:46)
	at org.easymock.internal.ObjectMethodsFilter.invoke(ObjectMethodsFilter.java:85)
	at $Proxy13.getHighPriorityJobRunRequest(Unknown Source)
	at com.thomsonreuters.uscl.ereader.orchestrate.engine.queue.JobRunQueuePoller.run(JobRunQueuePoller.java:42)
	at com.thomsonreuters.uscl.ereader.orchestrate.engine.queue.JobRunQueuePollerTest.verifyPoller(JobRunQueuePollerTest.java:117)
	at com.thomsonreuters.uscl.ereader.orchestrate.engine.queue.JobRunQueuePollerTest.testJobRunQueuePollerException(JobRunQueuePollerTest.java:97)
	at sun.reflect.NativeMethodAccessorImpl.invoke0(Native Method)
	at sun.reflect.NativeMethodAccessorImpl.invoke(Unknown Source)
	at sun.reflect.DelegatingMethodAccessorImpl.invoke(Unknown Source)
	at java.lang.reflect.Method.invoke(Unknown Source)
	at org.junit.runners.model.FrameworkMethod$1.runReflectiveCall(FrameworkMethod.java:44)
	at org.junit.internal.runners.model.ReflectiveCallable.run(ReflectiveCallable.java:15)
	at org.junit.runners.model.FrameworkMethod.invokeExplosively(FrameworkMethod.java:41)
	at org.junit.internal.runners.statements.InvokeMethod.evaluate(InvokeMethod.java:20)
	at org.junit.internal.runners.statements.RunBefores.evaluate(RunBefores.java:28)
	at org.junit.runners.BlockJUnit4ClassRunner.runNotIgnored(BlockJUnit4ClassRunner.java:79)
	at org.junit.runners.BlockJUnit4ClassRunner.runChild(BlockJUnit4ClassRunner.java:71)
	at org.junit.runners.BlockJUnit4ClassRunner.runChild(BlockJUnit4ClassRunner.java:49)
	at org.junit.runners.ParentRunner$3.run(ParentRunner.java:193)
	at org.junit.runners.ParentRunner$1.schedule(ParentRunner.java:52)
	at org.junit.runners.ParentRunner.runChildren(ParentRunner.java:191)
	at org.junit.runners.ParentRunner.access$000(ParentRunner.java:42)
	at org.junit.runners.ParentRunner$2.evaluate(ParentRunner.java:184)
	at org.junit.runners.ParentRunner.run(ParentRunner.java:236)
	at junit.framework.JUnit4TestAdapter.run(JUnit4TestAdapter.java:39)
	at org.apache.tools.ant.taskdefs.optional.junit.JUnitTestRunner.run(JUnitTestRunner.java:518)
	at org.apache.tools.ant.taskdefs.optional.junit.JUnitTestRunner.launch(JUnitTestRunner.java:1052)
	at org.apache.tools.ant.taskdefs.optional.junit.JUnitTestRunner.main(JUnitTestRunner.java:879)
]]></system-err>

  </testsuite>
  <testsuite errors="0" failures="0" hostname="C114868-XPC" id="7" name="EngineServiceTest" package="com.thomsonreuters.uscl.ereader.orchestrate.engine.service" tests="5" time="0.032" timestamp="2011-12-23T20:16:17">
      <properties>
[...]
</properties>

      <testcase classname="com.thomsonreuters.uscl.ereader.orchestrate.engine.service.EngineServiceTest" name="testCreateBookDefinitionJobParameters" time="0.016" />

      <testcase classname="com.thomsonreuters.uscl.ereader.orchestrate.engine.service.EngineServiceTest" name="testCreateDynamicJobParameters" time="0.016" />

      <testcase classname="com.thomsonreuters.uscl.ereader.orchestrate.engine.service.EngineServiceTest" name="testRunJob" time="0.0" />

      <testcase classname="com.thomsonreuters.uscl.ereader.orchestrate.engine.service.EngineServiceTest" name="testRestartJob" time="0.0" />

      <testcase classname="com.thomsonreuters.uscl.ereader.orchestrate.engine.service.EngineServiceTest" name="testStopJob" time="0.0" />

      <system-out><![CDATA[]]></system-out>

      <system-err><![CDATA[]]></system-err>

  </testsuite>
  <testsuite errors="0" failures="0" hostname="C114868-XPC" id="8" name="OperationsControllerTest" package="com.thomsonreuters.uscl.ereader.orchestrate.engine.web.controller" tests="4" time="0.328" timestamp="2011-12-23T20:16:17">
      <properties>
[...]
</properties>

      <testcase classname="com.thomsonreuters.uscl.ereader.orchestrate.engine.web.controller.OperationsControllerTest" name="testRestartJobSuccess" time="0.203" />

      <testcase classname="com.thomsonreuters.uscl.ereader.orchestrate.engine.web.controller.OperationsControllerTest" name="testRestartJobFailure" time="0.031" />

      <testcase classname="com.thomsonreuters.uscl.ereader.orchestrate.engine.web.controller.OperationsControllerTest" name="testStopJobSuccess" time="0.016" />

      <testcase classname="com.thomsonreuters.uscl.ereader.orchestrate.engine.web.controller.OperationsControllerTest" name="testStopJobFailure" time="0.078" />

      <system-out><![CDATA[]]></system-out>

      <system-err><![CDATA[]]></system-err>

  </testsuite>
</testsuites>
